c:\users\gabil\afeka\programing systems with c\finalproject\pet_chain_system\pet_chain_system\x64\debug\vc142.pdb
c:\users\gabil\afeka\programing systems with c\finalproject\pet_chain_system\pet_chain_system\x64\debug\vc142.idb
c:\users\gabil\afeka\programing systems with c\finalproject\pet_chain_system\pet_chain_system\x64\debug\storemanager.obj
c:\users\gabil\afeka\programing systems with c\finalproject\pet_chain_system\pet_chain_system\x64\debug\store.obj
c:\users\gabil\afeka\programing systems with c\finalproject\pet_chain_system\pet_chain_system\x64\debug\review.obj
c:\users\gabil\afeka\programing systems with c\finalproject\pet_chain_system\pet_chain_system\x64\debug\main.obj
c:\users\gabil\afeka\programing systems with c\finalproject\pet_chain_system\pet_chain_system\x64\debug\list.obj
c:\users\gabil\afeka\programing systems with c\finalproject\pet_chain_system\pet_chain_system\x64\debug\general.obj
c:\users\gabil\afeka\programing systems with c\finalproject\pet_chain_system\pet_chain_system\x64\debug\filehelper.obj
c:\users\gabil\afeka\programing systems with c\finalproject\pet_chain_system\pet_chain_system\x64\debug\discount.obj
c:\users\gabil\afeka\programing systems with c\finalproject\pet_chain_system\pet_chain_system\x64\debug\date.obj
c:\users\gabil\afeka\programing systems with c\finalproject\pet_chain_system\pet_chain_system\x64\debug\certificate.obj
c:\users\gabil\afeka\programing systems with c\finalproject\pet_chain_system\pet_chain_system\x64\debug\category.obj
c:\users\gabil\afeka\programing systems with c\finalproject\pet_chain_system\pet_chain_system\x64\debug\animal.obj
c:\users\gabil\afeka\programing systems with c\finalproject\pet_chain_system\pet_chain_system\x64\debug\pet_chain_system.ilk
c:\users\gabil\afeka\programing systems with c\finalproject\pet_chain_system\x64\debug\pet_chain_system.exe
c:\users\gabil\afeka\programing systems with c\finalproject\pet_chain_system\x64\debug\pet_chain_system.pdb
c:\users\gabil\afeka\programing systems with c\finalproject\pet_chain_system\pet_chain_system\x64\debug\pet_chain_system.tlog\cl.command.1.tlog
c:\users\gabil\afeka\programing systems with c\finalproject\pet_chain_system\pet_chain_system\x64\debug\pet_chain_system.tlog\cl.read.1.tlog
c:\users\gabil\afeka\programing systems with c\finalproject\pet_chain_system\pet_chain_system\x64\debug\pet_chain_system.tlog\cl.write.1.tlog
c:\users\gabil\afeka\programing systems with c\finalproject\pet_chain_system\pet_chain_system\x64\debug\pet_chain_system.tlog\link.command.1.tlog
c:\users\gabil\afeka\programing systems with c\finalproject\pet_chain_system\pet_chain_system\x64\debug\pet_chain_system.tlog\link.read.1.tlog
c:\users\gabil\afeka\programing systems with c\finalproject\pet_chain_system\pet_chain_system\x64\debug\pet_chain_system.tlog\link.write.1.tlog
